<?xml version="1.0" encoding="UTF-8"?>
<testsuite xmlns:xsi="http://www.w3.org/2001/XMLSchema-instance" xsi:noNamespaceSchemaLocation="https://maven.apache.org/surefire/maven-failsafe-plugin/xsd/failsafe-test-report-3.0.xsd" version="3.0" name="integration.AddressResolverIT" time="4.732" tests="2" errors="0" skipped="0" failures="0">
  <properties>
    <property name="sun.desktop" value="gnome"/>
    <property name="awt.toolkit" value="sun.awt.X11.XToolkit"/>
    <property name="file.encoding.pkg" value="sun.io"/>
    <property name="java.specification.version" value="1.8"/>
    <property name="sun.cpu.isalist" value=""/>
    <property name="sun.jnu.encoding" value="UTF-8"/>
    <property name="java.class.path" value="/home/dany/repos/teste-qualidade-software/lab2/lab2_2geocoding/target/test-classes:/home/dany/repos/teste-qualidade-software/lab2/lab2_2geocoding/target/lab2_2geocoding-1.0-SNAPSHOT.jar:/home/dany/.m2/repository/org/junit/jupiter/junit-jupiter/5.8.2/junit-jupiter-5.8.2.jar:/home/dany/.m2/repository/org/junit/jupiter/junit-jupiter-api/5.8.2/junit-jupiter-api-5.8.2.jar:/home/dany/.m2/repository/org/opentest4j/opentest4j/1.2.0/opentest4j-1.2.0.jar:/home/dany/.m2/repository/org/junit/platform/junit-platform-commons/1.8.2/junit-platform-commons-1.8.2.jar:/home/dany/.m2/repository/org/apiguardian/apiguardian-api/1.1.2/apiguardian-api-1.1.2.jar:/home/dany/.m2/repository/org/junit/jupiter/junit-jupiter-params/5.8.2/junit-jupiter-params-5.8.2.jar:/home/dany/.m2/repository/org/junit/jupiter/junit-jupiter-engine/5.8.2/junit-jupiter-engine-5.8.2.jar:/home/dany/.m2/repository/org/junit/platform/junit-platform-engine/1.8.2/junit-platform-engine-1.8.2.jar:/home/dany/.m2/repository/org/mockito/mockito-core/4.4.0/mockito-core-4.4.0.jar:/home/dany/.m2/repository/net/bytebuddy/byte-buddy/1.12.8/byte-buddy-1.12.8.jar:/home/dany/.m2/repository/net/bytebuddy/byte-buddy-agent/1.12.8/byte-buddy-agent-1.12.8.jar:/home/dany/.m2/repository/org/objenesis/objenesis/3.2/objenesis-3.2.jar:/home/dany/.m2/repository/org/mockito/mockito-junit-jupiter/4.4.0/mockito-junit-jupiter-4.4.0.jar:/home/dany/.m2/repository/org/hamcrest/hamcrest-all/1.3/hamcrest-all-1.3.jar:/home/dany/.m2/repository/org/apache/httpcomponents/httpclient/4.5.13/httpclient-4.5.13.jar:/home/dany/.m2/repository/org/apache/httpcomponents/httpcore/4.4.13/httpcore-4.4.13.jar:/home/dany/.m2/repository/commons-logging/commons-logging/1.2/commons-logging-1.2.jar:/home/dany/.m2/repository/commons-codec/commons-codec/1.11/commons-codec-1.11.jar:/home/dany/.m2/repository/com/googlecode/json-simple/json-simple/1.1.1/json-simple-1.1.1.jar:/home/dany/.m2/repository/junit/junit/4.10/junit-4.10.jar:/home/dany/.m2/repository/org/hamcrest/hamcrest-core/1.1/hamcrest-core-1.1.jar:"/>
    <property name="java.vm.vendor" value="Private Build"/>
    <property name="sun.arch.data.model" value="64"/>
    <property name="java.vendor.url" value="http://java.oracle.com/"/>
    <property name="user.timezone" value="Europe/Lisbon"/>
    <property name="java.vm.specification.version" value="1.8"/>
    <property name="os.name" value="Linux"/>
    <property name="user.country" value="US"/>
    <property name="sun.java.launcher" value="SUN_STANDARD"/>
    <property name="sun.boot.library.path" value="/usr/lib/jvm/java-8-openjdk-amd64/jre/lib/amd64"/>
    <property name="sun.java.command" value="/home/dany/repos/teste-qualidade-software/lab2/lab2_2geocoding/target/surefire/surefirebooter6100153845445796293.jar /home/dany/repos/teste-qualidade-software/lab2/lab2_2geocoding/target/surefire 2022-03-19T23-34-12_705-jvmRun1 surefire5546078430749560614tmp surefire_04397695990521890665tmp"/>
    <property name="surefire.test.class.path" value="/home/dany/repos/teste-qualidade-software/lab2/lab2_2geocoding/target/test-classes:/home/dany/repos/teste-qualidade-software/lab2/lab2_2geocoding/target/lab2_2geocoding-1.0-SNAPSHOT.jar:/home/dany/.m2/repository/org/junit/jupiter/junit-jupiter/5.8.2/junit-jupiter-5.8.2.jar:/home/dany/.m2/repository/org/junit/jupiter/junit-jupiter-api/5.8.2/junit-jupiter-api-5.8.2.jar:/home/dany/.m2/repository/org/opentest4j/opentest4j/1.2.0/opentest4j-1.2.0.jar:/home/dany/.m2/repository/org/junit/platform/junit-platform-commons/1.8.2/junit-platform-commons-1.8.2.jar:/home/dany/.m2/repository/org/apiguardian/apiguardian-api/1.1.2/apiguardian-api-1.1.2.jar:/home/dany/.m2/repository/org/junit/jupiter/junit-jupiter-params/5.8.2/junit-jupiter-params-5.8.2.jar:/home/dany/.m2/repository/org/junit/jupiter/junit-jupiter-engine/5.8.2/junit-jupiter-engine-5.8.2.jar:/home/dany/.m2/repository/org/junit/platform/junit-platform-engine/1.8.2/junit-platform-engine-1.8.2.jar:/home/dany/.m2/repository/org/mockito/mockito-core/4.4.0/mockito-core-4.4.0.jar:/home/dany/.m2/repository/net/bytebuddy/byte-buddy/1.12.8/byte-buddy-1.12.8.jar:/home/dany/.m2/repository/net/bytebuddy/byte-buddy-agent/1.12.8/byte-buddy-agent-1.12.8.jar:/home/dany/.m2/repository/org/objenesis/objenesis/3.2/objenesis-3.2.jar:/home/dany/.m2/repository/org/mockito/mockito-junit-jupiter/4.4.0/mockito-junit-jupiter-4.4.0.jar:/home/dany/.m2/repository/org/hamcrest/hamcrest-all/1.3/hamcrest-all-1.3.jar:/home/dany/.m2/repository/org/apache/httpcomponents/httpclient/4.5.13/httpclient-4.5.13.jar:/home/dany/.m2/repository/org/apache/httpcomponents/httpcore/4.4.13/httpcore-4.4.13.jar:/home/dany/.m2/repository/commons-logging/commons-logging/1.2/commons-logging-1.2.jar:/home/dany/.m2/repository/commons-codec/commons-codec/1.11/commons-codec-1.11.jar:/home/dany/.m2/repository/com/googlecode/json-simple/json-simple/1.1.1/json-simple-1.1.1.jar:/home/dany/.m2/repository/junit/junit/4.10/junit-4.10.jar:/home/dany/.m2/repository/org/hamcrest/hamcrest-core/1.1/hamcrest-core-1.1.jar:"/>
    <property name="sun.cpu.endian" value="little"/>
    <property name="user.home" value="/home/dany"/>
    <property name="user.language" value="en"/>
    <property name="java.specification.vendor" value="Oracle Corporation"/>
    <property name="java.home" value="/usr/lib/jvm/java-8-openjdk-amd64/jre"/>
    <property name="basedir" value="/home/dany/repos/teste-qualidade-software/lab2/lab2_2geocoding"/>
    <property name="file.separator" value="/"/>
    <property name="line.separator" value="&#10;"/>
    <property name="java.vm.specification.vendor" value="Oracle Corporation"/>
    <property name="java.specification.name" value="Java Platform API Specification"/>
    <property name="java.awt.graphicsenv" value="sun.awt.X11GraphicsEnvironment"/>
    <property name="surefire.real.class.path" value="/home/dany/repos/teste-qualidade-software/lab2/lab2_2geocoding/target/surefire/surefirebooter6100153845445796293.jar"/>
    <property name="sun.boot.class.path" value="/usr/lib/jvm/java-8-openjdk-amd64/jre/lib/resources.jar:/usr/lib/jvm/java-8-openjdk-amd64/jre/lib/rt.jar:/usr/lib/jvm/java-8-openjdk-amd64/jre/lib/sunrsasign.jar:/usr/lib/jvm/java-8-openjdk-amd64/jre/lib/jsse.jar:/usr/lib/jvm/java-8-openjdk-amd64/jre/lib/jce.jar:/usr/lib/jvm/java-8-openjdk-amd64/jre/lib/charsets.jar:/usr/lib/jvm/java-8-openjdk-amd64/jre/lib/jfr.jar:/usr/lib/jvm/java-8-openjdk-amd64/jre/classes"/>
    <property name="sun.management.compiler" value="HotSpot 64-Bit Tiered Compilers"/>
    <property name="java.runtime.version" value="1.8.0_312-8u312-b07-0ubuntu1~20.04-b07"/>
    <property name="user.name" value="dany"/>
    <property name="path.separator" value=":"/>
    <property name="os.version" value="5.13.0-30-generic"/>
    <property name="java.endorsed.dirs" value="/usr/lib/jvm/java-8-openjdk-amd64/jre/lib/endorsed"/>
    <property name="java.runtime.name" value="OpenJDK Runtime Environment"/>
    <property name="file.encoding" value="UTF-8"/>
    <property name="java.vm.name" value="OpenJDK 64-Bit Server VM"/>
    <property name="localRepository" value="/home/dany/.m2/repository"/>
    <property name="java.vendor.url.bug" value="http://bugreport.sun.com/bugreport/"/>
    <property name="java.io.tmpdir" value="/tmp"/>
    <property name="java.version" value="1.8.0_312"/>
    <property name="user.dir" value="/home/dany/repos/teste-qualidade-software/lab2/lab2_2geocoding"/>
    <property name="os.arch" value="amd64"/>
    <property name="java.vm.specification.name" value="Java Virtual Machine Specification"/>
    <property name="java.awt.printerjob" value="sun.print.PSPrinterJob"/>
    <property name="sun.os.patch.level" value="unknown"/>
    <property name="java.library.path" value="/usr/java/packages/lib/amd64:/usr/lib/x86_64-linux-gnu/jni:/lib/x86_64-linux-gnu:/usr/lib/x86_64-linux-gnu:/usr/lib/jni:/lib:/usr/lib"/>
    <property name="java.vm.info" value="mixed mode"/>
    <property name="java.vendor" value="Private Build"/>
    <property name="java.vm.version" value="25.312-b07"/>
    <property name="java.ext.dirs" value="/usr/lib/jvm/java-8-openjdk-amd64/jre/lib/ext:/usr/java/packages/lib/ext"/>
    <property name="sun.io.unicode.encoding" value="UnicodeLittle"/>
    <property name="java.class.version" value="52.0"/>
  </properties>
  <testcase name="whenBadCoordinates_thenReturnNoValidAddress" classname="integration.AddressResolverIT" time="4.338">
    <system-err><![CDATA[Mar 19, 2022 11:34:17 PM geocoding.AddressResolver findAddressForLocation
INFO: {"info":{"statuscode":0,"copyright":{"text":"\u00A9 2022 MapQuest, Inc.","imageUrl":"http://api.mqcdn.com/res/mqlogo.gif","imageAltText":"\u00A9 2022 MapQuest, Inc."},"messages":[]},"options":{"maxResults":1,"thumbMaps":true,"ignoreLatLngInput":false},"results":[{"providedLocation":{"latLng":{"lat":-300.0,"lng":-810.0}},"locations":[]}]}
]]></system-err>
  </testcase>
  <testcase name="whenResolveAlboiGps_returnCaisAlboiAddress" classname="integration.AddressResolverIT" time="0.374">
    <system-err><![CDATA[Mar 19, 2022 11:34:18 PM geocoding.AddressResolver findAddressForLocation
INFO: {"info":{"statuscode":0,"copyright":{"text":"\u00A9 2022 MapQuest, Inc.","imageUrl":"http://api.mqcdn.com/res/mqlogo.gif","imageAltText":"\u00A9 2022 MapQuest, Inc."},"messages":[]},"options":{"maxResults":1,"thumbMaps":true,"ignoreLatLngInput":false},"results":[{"providedLocation":{"latLng":{"lat":40.640661,"lng":-8.656688}},"locations":[{"street":"Cais do Alboi","adminArea6":"","adminArea6Type":"Neighborhood","adminArea5":"Gl\u00F3ria e Vera Cruz","adminArea5Type":"City","adminArea4":"","adminArea4Type":"County","adminArea3":"Centro","adminArea3Type":"State","adminArea1":"PT","adminArea1Type":"Country","postalCode":"3800-246","geocodeQualityCode":"B1AAA","geocodeQuality":"STREET","dragPoint":false,"sideOfStreet":"N","linkId":"0","unknownInput":"","type":"s","latLng":{"lat":40.640524,"lng":-8.656713},"displayLatLng":{"lat":40.640524,"lng":-8.656713},"mapUrl":"http://open.mapquestapi.com/staticmap/v5/map?key=iBOFiJjeiqs83AkCwqa7oQqzAdOF7ywG&type=map&size=225,160&locations=40.64052368145179,-8.656712986761146|marker-sm-50318A-1&scalebar=true&zoom=15&rand=1176301741","roadMetadata":null}]}]}
]]></system-err>
  </testcase>
</testsuite>